<?xml version="1.0" encoding="UTF-8"?>
<testsuite name="As a user, I want to create" tests="1" skipped="0" failures="0" errors="0" timestamp="2022-08-18T19:52:13" hostname="LAPTOP-21M3P3H4" time="65.618">
  <properties/>
  <testcase name="Create new user" classname="As a user, I want to create" time="65.618"/>
  <system-out><![CDATA[]]></system-out>
  <system-err><![CDATA[[Test worker] WARN net.thucydides.core.steps.BaseStepListener - stepStarted: net.thucydides.core.steps.ExecutedStepDescription@5f2606b
[Test worker] WARN net.thucydides.core.steps.BaseStepListener - stepStarted: net.thucydides.core.steps.ExecutedStepDescription@46866946
[Test worker] WARN net.thucydides.core.steps.BaseStepListener - stepStarted: net.thucydides.core.steps.ExecutedStepDescription@38704ff0
ago 18, 2022 2:52:14 PM org.openqa.selenium.remote.DesiredCapabilities chrome
INFORMACIÓN: Using `new ChromeOptions()` is preferred to `DesiredCapabilities.chrome()`
[Test worker] INFO net.serenitybdd.core.webdriver.driverproviders.ProvideNewDriver - Instantiating driver
[Test worker] INFO net.serenitybdd.core.webdriver.driverproviders.ProvideNewDriver - Driver capabilities: Capabilities {acceptInsecureCerts: false, browserName: chrome, chrome.switches: --start-maximized, goog:chromeOptions: {args: [--start-maximized], extensions: []}, loggingPrefs: org.openqa.selenium.logging..., platform: ANY, version: }
Starting ChromeDriver 104.0.5112.79 (3cf3e8c8a07d104b9e1260c910efb8f383285dc5-refs/branch-heads/5112@{#1307}) on port 15911
Only local connections are allowed.
Please see https://chromedriver.chromium.org/security-considerations for suggestions on keeping ChromeDriver safe.
ChromeDriver was started successfully.
ago 18, 2022 2:52:20 PM org.openqa.selenium.remote.ProtocolHandshake createSession
INFORMACIÓN: Detected dialect: W3C
[Test worker] WARN net.thucydides.core.steps.BaseStepListener - stepFinished: current outcome:Create new user:Given that javier is on the uTest page [Javier open up [Javier opens the Home utest page]]
[Test worker] WARN net.thucydides.core.steps.BaseStepListener - stepFinished: current outcome:Create new user:Given that javier is on the uTest page [Javier open up [Javier opens the Home utest page]]
[Test worker] WARN net.thucydides.core.steps.BaseStepListener - stepFinished: current outcome:Create new user:Given that javier is on the uTest page [Javier open up [Javier opens the Home utest page]]
[Test worker] WARN net.thucydides.core.steps.BaseStepListener - stepStarted: net.thucydides.core.steps.ExecutedStepDescription@63300c4b
[Test worker] WARN net.thucydides.core.steps.BaseStepListener - stepStarted: net.thucydides.core.steps.ExecutedStepDescription@3eb292cd
[Test worker] WARN net.thucydides.core.steps.BaseStepListener - stepStarted: net.thucydides.core.steps.ExecutedStepDescription@75023c53
[Test worker] WARN net.thucydides.core.steps.BaseStepListener - stepFinished: current outcome:Create new user:Given that javier is on the uTest page [Javier open up [Javier opens the Home utest page]], When he create an account entering all fields in the form [Javier register user [Javier clicks on Button to enter the registration form]]
[Test worker] WARN net.thucydides.core.steps.BaseStepListener - stepStarted: net.thucydides.core.steps.ExecutedStepDescription@47c7a9e5
[Test worker] WARN net.thucydides.core.steps.BaseStepListener - stepFinished: current outcome:Create new user:Given that javier is on the uTest page [Javier open up [Javier opens the Home utest page]], When he create an account entering all fields in the form [Javier register user [Javier clicks on Button to enter the registration form, Javier enters 'Javier' into input to enter first name]]
[Test worker] WARN net.thucydides.core.steps.BaseStepListener - stepStarted: net.thucydides.core.steps.ExecutedStepDescription@66fb45e5
[Test worker] WARN net.thucydides.core.steps.BaseStepListener - stepFinished: current outcome:Create new user:Given that javier is on the uTest page [Javier open up [Javier opens the Home utest page]], When he create an account entering all fields in the form [Javier register user [Javier clicks on Button to enter the registration form, Javier enters 'Javier' into input to enter first name, Javier enters 'De Az' into input to enter last name]]
[Test worker] WARN net.thucydides.core.steps.BaseStepListener - stepStarted: net.thucydides.core.steps.ExecutedStepDescription@7ba93755
[Test worker] WARN net.thucydides.core.steps.BaseStepListener - stepFinished: current outcome:Create new user:Given that javier is on the uTest page [Javier open up [Javier opens the Home utest page]], When he create an account entering all fields in the form [Javier register user [Javier clicks on Button to enter the registration form, Javier enters 'Javier' into input to enter first name, Javier enters 'De Az' into input to enter last name, Javier enters 'javierdeaz@gmail.com' into input to enter email adress]]
[Test worker] WARN net.thucydides.core.steps.BaseStepListener - stepStarted: net.thucydides.core.steps.ExecutedStepDescription@3f6f3cc
[Test worker] WARN net.thucydides.core.steps.BaseStepListener - stepFinished: current outcome:Create new user:Given that javier is on the uTest page [Javier open up [Javier opens the Home utest page]], When he create an account entering all fields in the form [Javier register user [Javier clicks on Button to enter the registration form, Javier enters 'Javier' into input to enter first name, Javier enters 'De Az' into input to enter last name, Javier enters 'javierdeaz@gmail.com' into input to enter email adress, Javier select July on list of months]]
[Test worker] WARN net.thucydides.core.steps.BaseStepListener - stepStarted: net.thucydides.core.steps.ExecutedStepDescription@19c1820d
[Test worker] WARN net.thucydides.core.steps.BaseStepListener - stepFinished: current outcome:Create new user:Given that javier is on the uTest page [Javier open up [Javier opens the Home utest page]], When he create an account entering all fields in the form [Javier register user [Javier clicks on Button to enter the registration form, Javier enters 'Javier' into input to enter first name, Javier enters 'De Az' into input to enter last name, Javier enters 'javierdeaz@gmail.com' into input to enter email adress, Javier select July on list of months, Javier select 12 on list of days to 31]]
[Test worker] WARN net.thucydides.core.steps.BaseStepListener - stepStarted: net.thucydides.core.steps.ExecutedStepDescription@36068727
[Test worker] WARN net.thucydides.core.steps.BaseStepListener - stepFinished: current outcome:Create new user:Given that javier is on the uTest page [Javier open up [Javier opens the Home utest page]], When he create an account entering all fields in the form [Javier register user [Javier clicks on Button to enter the registration form, Javier enters 'Javier' into input to enter first name, Javier enters 'De Az' into input to enter last name, Javier enters 'javierdeaz@gmail.com' into input to enter email adress, Javier select July on list of months, Javier select 12 on list of days to 31, Javier select 1998 on list of years]]
[Test worker] WARN net.thucydides.core.steps.BaseStepListener - stepStarted: net.thucydides.core.steps.ExecutedStepDescription@715a70e9
[Test worker] WARN net.thucydides.core.steps.BaseStepListener - stepFinished: current outcome:Create new user:Given that javier is on the uTest page [Javier open up [Javier opens the Home utest page]], When he create an account entering all fields in the form [Javier register user [Javier clicks on Button to enter the registration form, Javier enters 'Javier' into input to enter first name, Javier enters 'De Az' into input to enter last name, Javier enters 'javierdeaz@gmail.com' into input to enter email adress, Javier select July on list of months, Javier select 12 on list of days to 31, Javier select 1998 on list of years, Javier clicks on button to follow with second form]]
[Test worker] WARN net.thucydides.core.steps.BaseStepListener - stepStarted: net.thucydides.core.steps.ExecutedStepDescription@64b70f41
[Test worker] WARN net.thucydides.core.steps.BaseStepListener - stepFinished: current outcome:Create new user:Given that javier is on the uTest page [Javier open up [Javier opens the Home utest page]], When he create an account entering all fields in the form [Javier register user [Javier clicks on Button to enter the registration form, Javier enters 'Javier' into input to enter first name, Javier enters 'De Az' into input to enter last name, Javier enters 'javierdeaz@gmail.com' into input to enter email adress, Javier select July on list of months, Javier select 12 on list of days to 31, Javier select 1998 on list of years, Javier clicks on button to follow with second form, Javier enters '48001' into input to enter zip or postal code]]
[Test worker] WARN net.thucydides.core.steps.BaseStepListener - stepStarted: net.thucydides.core.steps.ExecutedStepDescription@766a52f5
[Test worker] WARN net.thucydides.core.steps.BaseStepListener - stepFinished: current outcome:Create new user:Given that javier is on the uTest page [Javier open up [Javier opens the Home utest page]], When he create an account entering all fields in the form [Javier register user [Javier clicks on Button to enter the registration form, Javier enters 'Javier' into input to enter first name, Javier enters 'De Az' into input to enter last name, Javier enters 'javierdeaz@gmail.com' into input to enter email adress, Javier select July on list of months, Javier select 12 on list of days to 31, Javier select 1998 on list of years, Javier clicks on button to follow with second form, Javier enters '48001' into input to enter zip or postal code, Javier clicks on button next devices, step three]]
[Test worker] WARN net.thucydides.core.steps.BaseStepListener - stepStarted: net.thucydides.core.steps.ExecutedStepDescription@5042e3d0
[Test worker] WARN net.thucydides.core.steps.BaseStepListener - stepFinished: current outcome:Create new user:Given that javier is on the uTest page [Javier open up [Javier opens the Home utest page]], When he create an account entering all fields in the form [Javier register user [Javier clicks on Button to enter the registration form, Javier enters 'Javier' into input to enter first name, Javier enters 'De Az' into input to enter last name, Javier enters 'javierdeaz@gmail.com' into input to enter email adress, Javier select July on list of months, Javier select 12 on list of days to 31, Javier select 1998 on list of years, Javier clicks on button to follow with second form, Javier enters '48001' into input to enter zip or postal code, Javier clicks on button next devices, step three, Javier clicks on list of operating systems]]
[Test worker] WARN net.thucydides.core.steps.BaseStepListener - stepStarted: net.thucydides.core.steps.ExecutedStepDescription@6518fdfd
[Test worker] WARN net.thucydides.core.steps.BaseStepListener - stepFinished: current outcome:Create new user:Given that javier is on the uTest page [Javier open up [Javier opens the Home utest page]], When he create an account entering all fields in the form [Javier register user [Javier clicks on Button to enter the registration form, Javier enters 'Javier' into input to enter first name, Javier enters 'De Az' into input to enter last name, Javier enters 'javierdeaz@gmail.com' into input to enter email adress, Javier select July on list of months, Javier select 12 on list of days to 31, Javier select 1998 on list of years, Javier clicks on button to follow with second form, Javier enters '48001' into input to enter zip or postal code, Javier clicks on button next devices, step three, Javier clicks on list of operating systems, Javier clicks on select an computer windows]]
[Test worker] WARN net.thucydides.core.steps.BaseStepListener - stepStarted: net.thucydides.core.steps.ExecutedStepDescription@718fd7c1
[Test worker] WARN net.thucydides.core.steps.BaseStepListener - stepFinished: current outcome:Create new user:Given that javier is on the uTest page [Javier open up [Javier opens the Home utest page]], When he create an account entering all fields in the form [Javier register user [Javier clicks on Button to enter the registration form, Javier enters 'Javier' into input to enter first name, Javier enters 'De Az' into input to enter last name, Javier enters 'javierdeaz@gmail.com' into input to enter email adress, Javier select July on list of months, Javier select 12 on list of days to 31, Javier select 1998 on list of years, Javier clicks on button to follow with second form, Javier enters '48001' into input to enter zip or postal code, Javier clicks on button next devices, step three, Javier clicks on list of operating systems, Javier clicks on select an computer windows, Javier clicks on list of operating systems version]]
[Test worker] WARN net.thucydides.core.steps.BaseStepListener - stepStarted: net.thucydides.core.steps.ExecutedStepDescription@552cede7
[Test worker] WARN net.thucydides.core.steps.BaseStepListener - stepFinished: current outcome:Create new user:Given that javier is on the uTest page [Javier open up [Javier opens the Home utest page]], When he create an account entering all fields in the form [Javier register user [Javier clicks on Button to enter the registration form, Javier enters 'Javier' into input to enter first name, Javier enters 'De Az' into input to enter last name, Javier enters 'javierdeaz@gmail.com' into input to enter email adress, Javier select July on list of months, Javier select 12 on list of days to 31, Javier select 1998 on list of years, Javier clicks on button to follow with second form, Javier enters '48001' into input to enter zip or postal code, Javier clicks on button next devices, step three, Javier clicks on list of operating systems, Javier clicks on select an computer windows, Javier clicks on list of operating systems version, Javier clicks on select operating systems Windows 10]]
[Test worker] WARN net.thucydides.core.steps.BaseStepListener - stepStarted: net.thucydides.core.steps.ExecutedStepDescription@100ad67e
[Test worker] WARN net.thucydides.core.steps.BaseStepListener - stepFinished: current outcome:Create new user:Given that javier is on the uTest page [Javier open up [Javier opens the Home utest page]], When he create an account entering all fields in the form [Javier register user [Javier clicks on Button to enter the registration form, Javier enters 'Javier' into input to enter first name, Javier enters 'De Az' into input to enter last name, Javier enters 'javierdeaz@gmail.com' into input to enter email adress, Javier select July on list of months, Javier select 12 on list of days to 31, Javier select 1998 on list of years, Javier clicks on button to follow with second form, Javier enters '48001' into input to enter zip or postal code, Javier clicks on button next devices, step three, Javier clicks on list of operating systems, Javier clicks on select an computer windows, Javier clicks on list of operating systems version, Javier clicks on select operating systems Windows 10, Javier clicks on list of languages]]
[Test worker] WARN net.thucydides.core.steps.BaseStepListener - stepStarted: net.thucydides.core.steps.ExecutedStepDescription@24c685e7
[Test worker] WARN net.thucydides.core.steps.BaseStepListener - stepFinished: current outcome:Create new user:Given that javier is on the uTest page [Javier open up [Javier opens the Home utest page]], When he create an account entering all fields in the form [Javier register user [Javier clicks on Button to enter the registration form, Javier enters 'Javier' into input to enter first name, Javier enters 'De Az' into input to enter last name, Javier enters 'javierdeaz@gmail.com' into input to enter email adress, Javier select July on list of months, Javier select 12 on list of days to 31, Javier select 1998 on list of years, Javier clicks on button to follow with second form, Javier enters '48001' into input to enter zip or postal code, Javier clicks on button next devices, step three, Javier clicks on list of operating systems, Javier clicks on select an computer windows, Javier clicks on list of operating systems version, Javier clicks on select operating systems Windows 10, Javier clicks on list of languages, Javier clicks on select language English]]
[Test worker] WARN net.thucydides.core.steps.BaseStepListener - stepStarted: net.thucydides.core.steps.ExecutedStepDescription@245253d8
[Test worker] WARN net.thucydides.core.steps.BaseStepListener - stepFinished: current outcome:Create new user:Given that javier is on the uTest page [Javier open up [Javier opens the Home utest page]], When he create an account entering all fields in the form [Javier register user [Javier clicks on Button to enter the registration form, Javier enters 'Javier' into input to enter first name, Javier enters 'De Az' into input to enter last name, Javier enters 'javierdeaz@gmail.com' into input to enter email adress, Javier select July on list of months, Javier select 12 on list of days to 31, Javier select 1998 on list of years, Javier clicks on button to follow with second form, Javier enters '48001' into input to enter zip or postal code, Javier clicks on button next devices, step three, Javier clicks on list of operating systems, Javier clicks on select an computer windows, Javier clicks on list of operating systems version, Javier clicks on select operating systems Windows 10, Javier clicks on list of languages, Javier clicks on select language English, Javier clicks on list of moviles device]]
[Test worker] WARN net.thucydides.core.steps.BaseStepListener - stepStarted: net.thucydides.core.steps.ExecutedStepDescription@5df7e31b
[Test worker] WARN net.thucydides.core.steps.BaseStepListener - stepFinished: current outcome:Create new user:Given that javier is on the uTest page [Javier open up [Javier opens the Home utest page]], When he create an account entering all fields in the form [Javier register user [Javier clicks on Button to enter the registration form, Javier enters 'Javier' into input to enter first name, Javier enters 'De Az' into input to enter last name, Javier enters 'javierdeaz@gmail.com' into input to enter email adress, Javier select July on list of months, Javier select 12 on list of days to 31, Javier select 1998 on list of years, Javier clicks on button to follow with second form, Javier enters '48001' into input to enter zip or postal code, Javier clicks on button next devices, step three, Javier clicks on list of operating systems, Javier clicks on select an computer windows, Javier clicks on list of operating systems version, Javier clicks on select operating systems Windows 10, Javier clicks on list of languages, Javier clicks on select language English, Javier clicks on list of moviles device, Javier clicks on select option Samsung]]
[Test worker] WARN net.thucydides.core.steps.BaseStepListener - stepStarted: net.thucydides.core.steps.ExecutedStepDescription@499ee966
[Test worker] WARN net.thucydides.core.steps.BaseStepListener - stepFinished: current outcome:Create new user:Given that javier is on the uTest page [Javier open up [Javier opens the Home utest page]], When he create an account entering all fields in the form [Javier register user [Javier clicks on Button to enter the registration form, Javier enters 'Javier' into input to enter first name, Javier enters 'De Az' into input to enter last name, Javier enters 'javierdeaz@gmail.com' into input to enter email adress, Javier select July on list of months, Javier select 12 on list of days to 31, Javier select 1998 on list of years, Javier clicks on button to follow with second form, Javier enters '48001' into input to enter zip or postal code, Javier clicks on button next devices, step three, Javier clicks on list of operating systems, Javier clicks on select an computer windows, Javier clicks on list of operating systems version, Javier clicks on select operating systems Windows 10, Javier clicks on list of languages, Javier clicks on select language English, Javier clicks on list of moviles device, Javier clicks on select option Samsung, Javier clicks on list of models moviles]]
[Test worker] WARN net.thucydides.core.steps.BaseStepListener - stepStarted: net.thucydides.core.steps.ExecutedStepDescription@27585351
[Test worker] WARN net.thucydides.core.steps.BaseStepListener - stepFinished: current outcome:Create new user:Given that javier is on the uTest page [Javier open up [Javier opens the Home utest page]], When he create an account entering all fields in the form [Javier register user [Javier clicks on Button to enter the registration form, Javier enters 'Javier' into input to enter first name, Javier enters 'De Az' into input to enter last name, Javier enters 'javierdeaz@gmail.com' into input to enter email adress, Javier select July on list of months, Javier select 12 on list of days to 31, Javier select 1998 on list of years, Javier clicks on button to follow with second form, Javier enters '48001' into input to enter zip or postal code, Javier clicks on button next devices, step three, Javier clicks on list of operating systems, Javier clicks on select an computer windows, Javier clicks on list of operating systems version, Javier clicks on select operating systems Windows 10, Javier clicks on list of languages, Javier clicks on select language English, Javier clicks on list of moviles device, Javier clicks on select option Samsung, Javier clicks on list of models moviles, Javier clicks on select Galaxy Mini]]
[Test worker] WARN net.thucydides.core.steps.BaseStepListener - stepStarted: net.thucydides.core.steps.ExecutedStepDescription@3d9f0a5
[Test worker] WARN net.thucydides.core.steps.BaseStepListener - stepFinished: current outcome:Create new user:Given that javier is on the uTest page [Javier open up [Javier opens the Home utest page]], When he create an account entering all fields in the form [Javier register user [Javier clicks on Button to enter the registration form, Javier enters 'Javier' into input to enter first name, Javier enters 'De Az' into input to enter last name, Javier enters 'javierdeaz@gmail.com' into input to enter email adress, Javier select July on list of months, Javier select 12 on list of days to 31, Javier select 1998 on list of years, Javier clicks on button to follow with second form, Javier enters '48001' into input to enter zip or postal code, Javier clicks on button next devices, step three, Javier clicks on list of operating systems, Javier clicks on select an computer windows, Javier clicks on list of operating systems version, Javier clicks on select operating systems Windows 10, Javier clicks on list of languages, Javier clicks on select language English, Javier clicks on list of moviles device, Javier clicks on select option Samsung, Javier clicks on list of models moviles, Javier clicks on select Galaxy Mini, Javier clicks on list of Operating System]]
[Test worker] WARN net.thucydides.core.steps.BaseStepListener - stepStarted: net.thucydides.core.steps.ExecutedStepDescription@1578b8ec
[Test worker] WARN net.thucydides.core.steps.BaseStepListener - stepFinished: current outcome:Create new user:Given that javier is on the uTest page [Javier open up [Javier opens the Home utest page]], When he create an account entering all fields in the form [Javier register user [Javier clicks on Button to enter the registration form, Javier enters 'Javier' into input to enter first name, Javier enters 'De Az' into input to enter last name, Javier enters 'javierdeaz@gmail.com' into input to enter email adress, Javier select July on list of months, Javier select 12 on list of days to 31, Javier select 1998 on list of years, Javier clicks on button to follow with second form, Javier enters '48001' into input to enter zip or postal code, Javier clicks on button next devices, step three, Javier clicks on list of operating systems, Javier clicks on select an computer windows, Javier clicks on list of operating systems version, Javier clicks on select operating systems Windows 10, Javier clicks on list of languages, Javier clicks on select language English, Javier clicks on list of moviles device, Javier clicks on select option Samsung, Javier clicks on list of models moviles, Javier clicks on select Galaxy Mini, Javier clicks on list of Operating System, Javier clicks on select Android 4.1.1]]
[Test worker] WARN net.thucydides.core.steps.BaseStepListener - stepStarted: net.thucydides.core.steps.ExecutedStepDescription@2be818da
[Test worker] WARN net.thucydides.core.steps.BaseStepListener - stepFinished: current outcome:Create new user:Given that javier is on the uTest page [Javier open up [Javier opens the Home utest page]], When he create an account entering all fields in the form [Javier register user [Javier clicks on Button to enter the registration form, Javier enters 'Javier' into input to enter first name, Javier enters 'De Az' into input to enter last name, Javier enters 'javierdeaz@gmail.com' into input to enter email adress, Javier select July on list of months, Javier select 12 on list of days to 31, Javier select 1998 on list of years, Javier clicks on button to follow with second form, Javier enters '48001' into input to enter zip or postal code, Javier clicks on button next devices, step three, Javier clicks on list of operating systems, Javier clicks on select an computer windows, Javier clicks on list of operating systems version, Javier clicks on select operating systems Windows 10, Javier clicks on list of languages, Javier clicks on select language English, Javier clicks on list of moviles device, Javier clicks on select option Samsung, Javier clicks on list of models moviles, Javier clicks on select Galaxy Mini, Javier clicks on list of Operating System, Javier clicks on select Android 4.1.1, Javier clicks on button last step to register user]]
[Test worker] WARN net.thucydides.core.steps.BaseStepListener - stepStarted: net.thucydides.core.steps.ExecutedStepDescription@58dad04a
[Test worker] WARN net.thucydides.core.steps.BaseStepListener - stepFinished: current outcome:Create new user:Given that javier is on the uTest page [Javier open up [Javier opens the Home utest page]], When he create an account entering all fields in the form [Javier register user [Javier clicks on Button to enter the registration form, Javier enters 'Javier' into input to enter first name, Javier enters 'De Az' into input to enter last name, Javier enters 'javierdeaz@gmail.com' into input to enter email adress, Javier select July on list of months, Javier select 12 on list of days to 31, Javier select 1998 on list of years, Javier clicks on button to follow with second form, Javier enters '48001' into input to enter zip or postal code, Javier clicks on button next devices, step three, Javier clicks on list of operating systems, Javier clicks on select an computer windows, Javier clicks on list of operating systems version, Javier clicks on select operating systems Windows 10, Javier clicks on list of languages, Javier clicks on select language English, Javier clicks on list of moviles device, Javier clicks on select option Samsung, Javier clicks on list of models moviles, Javier clicks on select Galaxy Mini, Javier clicks on list of Operating System, Javier clicks on select Android 4.1.1, Javier clicks on button last step to register user, Javier enters 'E3457--av32132' into input to enter password]]
[Test worker] WARN net.thucydides.core.steps.BaseStepListener - stepStarted: net.thucydides.core.steps.ExecutedStepDescription@631c6d11
[Test worker] WARN net.thucydides.core.steps.BaseStepListener - stepFinished: current outcome:Create new user:Given that javier is on the uTest page [Javier open up [Javier opens the Home utest page]], When he create an account entering all fields in the form [Javier register user [Javier clicks on Button to enter the registration form, Javier enters 'Javier' into input to enter first name, Javier enters 'De Az' into input to enter last name, Javier enters 'javierdeaz@gmail.com' into input to enter email adress, Javier select July on list of months, Javier select 12 on list of days to 31, Javier select 1998 on list of years, Javier clicks on button to follow with second form, Javier enters '48001' into input to enter zip or postal code, Javier clicks on button next devices, step three, Javier clicks on list of operating systems, Javier clicks on select an computer windows, Javier clicks on list of operating systems version, Javier clicks on select operating systems Windows 10, Javier clicks on list of languages, Javier clicks on select language English, Javier clicks on list of moviles device, Javier clicks on select option Samsung, Javier clicks on list of models moviles, Javier clicks on select Galaxy Mini, Javier clicks on list of Operating System, Javier clicks on select Android 4.1.1, Javier clicks on button last step to register user, Javier enters 'E3457--av32132' into input to enter password, Javier enters 'E3457--av32132' into input to confirm password]]
[Test worker] WARN net.thucydides.core.steps.BaseStepListener - stepStarted: net.thucydides.core.steps.ExecutedStepDescription@2199e845
[Test worker] WARN net.thucydides.core.steps.BaseStepListener - stepFinished: current outcome:Create new user:Given that javier is on the uTest page [Javier open up [Javier opens the Home utest page]], When he create an account entering all fields in the form [Javier register user [Javier clicks on Button to enter the registration form, Javier enters 'Javier' into input to enter first name, Javier enters 'De Az' into input to enter last name, Javier enters 'javierdeaz@gmail.com' into input to enter email adress, Javier select July on list of months, Javier select 12 on list of days to 31, Javier select 1998 on list of years, Javier clicks on button to follow with second form, Javier enters '48001' into input to enter zip or postal code, Javier clicks on button next devices, step three, Javier clicks on list of operating systems, Javier clicks on select an computer windows, Javier clicks on list of operating systems version, Javier clicks on select operating systems Windows 10, Javier clicks on list of languages, Javier clicks on select language English, Javier clicks on list of moviles device, Javier clicks on select option Samsung, Javier clicks on list of models moviles, Javier clicks on select Galaxy Mini, Javier clicks on list of Operating System, Javier clicks on select Android 4.1.1, Javier clicks on button last step to register user, Javier enters 'E3457--av32132' into input to enter password, Javier enters 'E3457--av32132' into input to confirm password, Javier clicks on check if you want to receive email and updates]]
[Test worker] WARN net.thucydides.core.steps.BaseStepListener - stepStarted: net.thucydides.core.steps.ExecutedStepDescription@9cfc77
[Test worker] WARN net.thucydides.core.steps.BaseStepListener - stepFinished: current outcome:Create new user:Given that javier is on the uTest page [Javier open up [Javier opens the Home utest page]], When he create an account entering all fields in the form [Javier register user [Javier clicks on Button to enter the registration form, Javier enters 'Javier' into input to enter first name, Javier enters 'De Az' into input to enter last name, Javier enters 'javierdeaz@gmail.com' into input to enter email adress, Javier select July on list of months, Javier select 12 on list of days to 31, Javier select 1998 on list of years, Javier clicks on button to follow with second form, Javier enters '48001' into input to enter zip or postal code, Javier clicks on button next devices, step three, Javier clicks on list of operating systems, Javier clicks on select an computer windows, Javier clicks on list of operating systems version, Javier clicks on select operating systems Windows 10, Javier clicks on list of languages, Javier clicks on select language English, Javier clicks on list of moviles device, Javier clicks on select option Samsung, Javier clicks on list of models moviles, Javier clicks on select Galaxy Mini, Javier clicks on list of Operating System, Javier clicks on select Android 4.1.1, Javier clicks on button last step to register user, Javier enters 'E3457--av32132' into input to enter password, Javier enters 'E3457--av32132' into input to confirm password, Javier clicks on check if you want to receive email and updates, Javier clicks on check if you read and accept Terms of Use and uTest Guidelines]]
[Test worker] WARN net.thucydides.core.steps.BaseStepListener - stepStarted: net.thucydides.core.steps.ExecutedStepDescription@76a7fcbd
[Test worker] WARN net.thucydides.core.steps.BaseStepListener - stepFinished: current outcome:Create new user:Given that javier is on the uTest page [Javier open up [Javier opens the Home utest page]], When he create an account entering all fields in the form [Javier register user [Javier clicks on Button to enter the registration form, Javier enters 'Javier' into input to enter first name, Javier enters 'De Az' into input to enter last name, Javier enters 'javierdeaz@gmail.com' into input to enter email adress, Javier select July on list of months, Javier select 12 on list of days to 31, Javier select 1998 on list of years, Javier clicks on button to follow with second form, Javier enters '48001' into input to enter zip or postal code, Javier clicks on button next devices, step three, Javier clicks on list of operating systems, Javier clicks on select an computer windows, Javier clicks on list of operating systems version, Javier clicks on select operating systems Windows 10, Javier clicks on list of languages, Javier clicks on select language English, Javier clicks on list of moviles device, Javier clicks on select option Samsung, Javier clicks on list of models moviles, Javier clicks on select Galaxy Mini, Javier clicks on list of Operating System, Javier clicks on select Android 4.1.1, Javier clicks on button last step to register user, Javier enters 'E3457--av32132' into input to enter password, Javier enters 'E3457--av32132' into input to confirm password, Javier clicks on check if you want to receive email and updates, Javier clicks on check if you read and accept Terms of Use and uTest Guidelines, Javier clicks on check if you accept and read Privacy & Security Policy]]
[Test worker] WARN net.thucydides.core.steps.BaseStepListener - stepFinished: current outcome:Create new user:Given that javier is on the uTest page [Javier open up [Javier opens the Home utest page]], When he create an account entering all fields in the form [Javier register user [Javier clicks on Button to enter the registration form, Javier enters 'Javier' into input to enter first name, Javier enters 'De Az' into input to enter last name, Javier enters 'javierdeaz@gmail.com' into input to enter email adress, Javier select July on list of months, Javier select 12 on list of days to 31, Javier select 1998 on list of years, Javier clicks on button to follow with second form, Javier enters '48001' into input to enter zip or postal code, Javier clicks on button next devices, step three, Javier clicks on list of operating systems, Javier clicks on select an computer windows, Javier clicks on list of operating systems version, Javier clicks on select operating systems Windows 10, Javier clicks on list of languages, Javier clicks on select language English, Javier clicks on list of moviles device, Javier clicks on select option Samsung, Javier clicks on list of models moviles, Javier clicks on select Galaxy Mini, Javier clicks on list of Operating System, Javier clicks on select Android 4.1.1, Javier clicks on button last step to register user, Javier enters 'E3457--av32132' into input to enter password, Javier enters 'E3457--av32132' into input to confirm password, Javier clicks on check if you want to receive email and updates, Javier clicks on check if you read and accept Terms of Use and uTest Guidelines, Javier clicks on check if you accept and read Privacy & Security Policy]]
[Test worker] WARN net.thucydides.core.steps.BaseStepListener - stepFinished: current outcome:Create new user:Given that javier is on the uTest page [Javier open up [Javier opens the Home utest page]], When he create an account entering all fields in the form [Javier register user [Javier clicks on Button to enter the registration form, Javier enters 'Javier' into input to enter first name, Javier enters 'De Az' into input to enter last name, Javier enters 'javierdeaz@gmail.com' into input to enter email adress, Javier select July on list of months, Javier select 12 on list of days to 31, Javier select 1998 on list of years, Javier clicks on button to follow with second form, Javier enters '48001' into input to enter zip or postal code, Javier clicks on button next devices, step three, Javier clicks on list of operating systems, Javier clicks on select an computer windows, Javier clicks on list of operating systems version, Javier clicks on select operating systems Windows 10, Javier clicks on list of languages, Javier clicks on select language English, Javier clicks on list of moviles device, Javier clicks on select option Samsung, Javier clicks on list of models moviles, Javier clicks on select Galaxy Mini, Javier clicks on list of Operating System, Javier clicks on select Android 4.1.1, Javier clicks on button last step to register user, Javier enters 'E3457--av32132' into input to enter password, Javier enters 'E3457--av32132' into input to confirm password, Javier clicks on check if you want to receive email and updates, Javier clicks on check if you read and accept Terms of Use and uTest Guidelines, Javier clicks on check if you accept and read Privacy & Security Policy]]
[Test worker] WARN net.thucydides.core.steps.BaseStepListener - stepStarted: net.thucydides.core.steps.ExecutedStepDescription@552fee7a
[Test worker] WARN net.thucydides.core.steps.BaseStepListener - stepFinished: current outcome:Create new user:Given that javier is on the uTest page [Javier open up [Javier opens the Home utest page]], When he create an account entering all fields in the form [Javier register user [Javier clicks on Button to enter the registration form, Javier enters 'Javier' into input to enter first name, Javier enters 'De Az' into input to enter last name, Javier enters 'javierdeaz@gmail.com' into input to enter email adress, Javier select July on list of months, Javier select 12 on list of days to 31, Javier select 1998 on list of years, Javier clicks on button to follow with second form, Javier enters '48001' into input to enter zip or postal code, Javier clicks on button next devices, step three, Javier clicks on list of operating systems, Javier clicks on select an computer windows, Javier clicks on list of operating systems version, Javier clicks on select operating systems Windows 10, Javier clicks on list of languages, Javier clicks on select language English, Javier clicks on list of moviles device, Javier clicks on select option Samsung, Javier clicks on list of models moviles, Javier clicks on select Galaxy Mini, Javier clicks on list of Operating System, Javier clicks on select Android 4.1.1, Javier clicks on button last step to register user, Javier enters 'E3457--av32132' into input to enter password, Javier enters 'E3457--av32132' into input to confirm password, Javier clicks on check if you want to receive email and updates, Javier clicks on check if you read and accept Terms of Use and uTest Guidelines, Javier clicks on check if you accept and read Privacy & Security Policy]], Then he has a new user registered in uTest
[Test worker] WARN net.thucydides.core.steps.BaseStepListener - testFinished: Create new user:Given that javier is on the uTest page [Javier open up [Javier opens the Home utest page]], When he create an account entering all fields in the form [Javier register user [Javier clicks on Button to enter the registration form, Javier enters 'Javier' into input to enter first name, Javier enters 'De Az' into input to enter last name, Javier enters 'javierdeaz@gmail.com' into input to enter email adress, Javier select July on list of months, Javier select 12 on list of days to 31, Javier select 1998 on list of years, Javier clicks on button to follow with second form, Javier enters '48001' into input to enter zip or postal code, Javier clicks on button next devices, step three, Javier clicks on list of operating systems, Javier clicks on select an computer windows, Javier clicks on list of operating systems version, Javier clicks on select operating systems Windows 10, Javier clicks on list of languages, Javier clicks on select language English, Javier clicks on list of moviles device, Javier clicks on select option Samsung, Javier clicks on list of models moviles, Javier clicks on select Galaxy Mini, Javier clicks on list of Operating System, Javier clicks on select Android 4.1.1, Javier clicks on button last step to register user, Javier enters 'E3457--av32132' into input to enter password, Javier enters 'E3457--av32132' into input to confirm password, Javier clicks on check if you want to receive email and updates, Javier clicks on check if you read and accept Terms of Use and uTest Guidelines, Javier clicks on check if you accept and read Privacy & Security Policy]], Then he has a new user registered in uTest
[Test worker] WARN net.thucydides.core.steps.BaseStepListener - TestOutcomes: [Create new user:Given that javier is on the uTest page [Javier open up [Javier opens the Home utest page]], When he create an account entering all fields in the form [Javier register user [Javier clicks on Button to enter the registration form, Javier enters 'Javier' into input to enter first name, Javier enters 'De Az' into input to enter last name, Javier enters 'javierdeaz@gmail.com' into input to enter email adress, Javier select July on list of months, Javier select 12 on list of days to 31, Javier select 1998 on list of years, Javier clicks on button to follow with second form, Javier enters '48001' into input to enter zip or postal code, Javier clicks on button next devices, step three, Javier clicks on list of operating systems, Javier clicks on select an computer windows, Javier clicks on list of operating systems version, Javier clicks on select operating systems Windows 10, Javier clicks on list of languages, Javier clicks on select language English, Javier clicks on list of moviles device, Javier clicks on select option Samsung, Javier clicks on list of models moviles, Javier clicks on select Galaxy Mini, Javier clicks on list of Operating System, Javier clicks on select Android 4.1.1, Javier clicks on button last step to register user, Javier enters 'E3457--av32132' into input to enter password, Javier enters 'E3457--av32132' into input to confirm password, Javier clicks on check if you want to receive email and updates, Javier clicks on check if you read and accept Terms of Use and uTest Guidelines, Javier clicks on check if you accept and read Privacy & Security Policy]], Then he has a new user registered in uTest]
[Test worker] WARN net.thucydides.core.steps.BaseStepListener - Final testOutcomes: [Create new user:Given that javier is on the uTest page [Javier open up [Javier opens the Home utest page]], When he create an account entering all fields in the form [Javier register user [Javier clicks on Button to enter the registration form, Javier enters 'Javier' into input to enter first name, Javier enters 'De Az' into input to enter last name, Javier enters 'javierdeaz@gmail.com' into input to enter email adress, Javier select July on list of months, Javier select 12 on list of days to 31, Javier select 1998 on list of years, Javier clicks on button to follow with second form, Javier enters '48001' into input to enter zip or postal code, Javier clicks on button next devices, step three, Javier clicks on list of operating systems, Javier clicks on select an computer windows, Javier clicks on list of operating systems version, Javier clicks on select operating systems Windows 10, Javier clicks on list of languages, Javier clicks on select language English, Javier clicks on list of moviles device, Javier clicks on select option Samsung, Javier clicks on list of models moviles, Javier clicks on select Galaxy Mini, Javier clicks on list of Operating System, Javier clicks on select Android 4.1.1, Javier clicks on button last step to register user, Javier enters 'E3457--av32132' into input to enter password, Javier enters 'E3457--av32132' into input to confirm password, Javier clicks on check if you want to receive email and updates, Javier clicks on check if you read and accept Terms of Use and uTest Guidelines, Javier clicks on check if you accept and read Privacy & Security Policy]], Then he has a new user registered in uTest]
[Test worker] INFO net.thucydides.core.steps.ConsoleLoggingListener - 
        __    _____ _____ ____ _____   ____   _    ____  ____  _____ ____  
  _     \ \  |_   _| ____/ ___|_   _| |  _ \ / \  / ___|/ ___|| ____|  _ \ 
 (_)_____| |   | | |  _| \___ \ | |   | |_) / _ \ \___ \\___ \|  _| | | | |
  _|_____| |   | | | |___ ___) || |   |  __/ ___ \ ___) |___) | |___| |_| |
 (_)     | |   |_| |_____|____/ |_|   |_| /_/   \_\____/|____/|_____|____/ 
        /_/                                                                

TEST PASSED: Create new user
----------------------------------------------------------------------------
]]></system-err>
</testsuite>
